<?xml version="1.0" encoding="UTF-8"?>
<!-- Generated by org.testng.reporters.JUnitReportReporter -->
<testsuite hostname="DESKTOP-HAVHVH1" failures="0" tests="12" name="testngflags.Flag7" time="0.044" errors="0" timestamp="2022-06-10T12:51:36 IST" skipped="0">
  <testcase classname="testngflags.Flag7" name="ft3" time="0.002"/>
  <system-out>
    <![CDATA[ft3]]>
  </system-out>
  <testcase classname="testngflags.Flag7" name="ft5" time="0.002"/>
  <system-out>
    <![CDATA[ft5]]>
  </system-out>
  <testcase classname="testngflags.Flag7" name="it1" time="0.002"/>
  <system-out>
    <![CDATA[it1]]>
  </system-out>
  <testcase classname="testngflags.Flag7" name="it2" time="0.002"/>
  <system-out>
    <![CDATA[it2]]>
  </system-out>
  <testcase classname="testngflags.Flag7" name="ft1" time="0.019"/>
  <system-out>
    <![CDATA[ft1]]>
  </system-out>
  <testcase classname="testngflags.Flag7" name="it3" time="0.002"/>
  <system-out>
    <![CDATA[it3]]>
  </system-out>
  <testcase classname="testngflags.Flag7" name="it5" time="0.002"/>
  <system-out>
    <![CDATA[it5]]>
  </system-out>
  <testcase classname="testngflags.Flag7" name="ft2" time="0.002"/>
  <system-out>
    <![CDATA[ft2]]>
  </system-out>
  <testcase classname="testngflags.Flag7" name="it6" time="0.003"/>
  <system-out>
    <![CDATA[it6]]>
  </system-out>
  <testcase classname="testngflags.Flag7" name="ft4" time="0.003"/>
  <system-out>
    <![CDATA[ft4]]>
  </system-out>
  <testcase classname="testngflags.Flag7" name="ft6" time="0.003"/>
  <system-out>
    <![CDATA[ft6]]>
  </system-out>
  <testcase classname="testngflags.Flag7" name="it4" time="0.002"/>
  <system-out>
    <![CDATA[it4]]>
  </system-out>
</testsuite> <!-- testngflags.Flag7 -->
