<?xml version="1.0" encoding="UTF-8"?>
<!-- Generated by org.testng.reporters.JUnitReportReporter -->
<testsuite hostname="DESKTOP-HAVHVH1" failures="0" tests="1" name="testngflags.Flag1" time="0.014" errors="0" timestamp="2022-06-04T09:18:53 IST" skipped="0">
  <testcase classname="testngflags.Flag1" name="f" time="0.014"/>
  <system-out>
    <![CDATA[login method]]>
  </system-out>
</testsuite> <!-- testngflags.Flag1 -->
