<?xml version="1.0" encoding="UTF-8"?>
<!-- Generated by org.testng.reporters.JUnitReportReporter -->
<testsuite hostname="DESKTOP-HAVHVH1" failures="0" tests="1" name="testngpack.Remo" time="0.003" errors="0" timestamp="2022-06-06T09:31:29 IST" skipped="0">
  <testcase classname="testngpack.Remo" name="c" time="0.003"/>
  <system-out>
    <![CDATA[Remo class method]]>
  </system-out>
</testsuite> <!-- testngpack.Remo -->
